2017-06-27 17:09:00,037 - INFO: 技术部南 open success
2017-06-27 17:12:10,106 - ERROR: no door found!
2017-06-27 17:12:45,970 - INFO: 技术部南 open success
2017-06-27 17:15:45,888 - INFO: 技术部北 open success
2017-07-03 15:20:32,773 - ERROR: no doorId input!
2017-07-03 15:24:43,821 - ERROR: no doorId input!
2017-07-03 15:25:03,039 - INFO: 技术部北 open success
2017-07-03 15:32:52,350 - INFO: 技术部南 open success
2017-07-03 15:33:53,790 - INFO: 技术部南 open success
2017-07-03 15:52:45,426 - INFO: 技术部南 open success
2017-07-03 15:52:57,174 - INFO: 技术部南 open success
2017-07-12 15:17:24,020 - INFO: 技术部南 open success
2017-07-12 15:17:34,679 - INFO: 技术部北 open success
2017-07-12 15:17:46,814 - INFO: 技术部北 open success
2017-07-12 15:17:58,229 - INFO: 技术部北 open success
2017-07-12 15:17:59,448 - INFO: 技术部北 open success
2017-09-15 14:36:17,386 - INFO: 技术部北 open success
2017-09-15 14:42:11,020 - INFO: 技术部北 open success
2017-09-15 14:42:35,524 - INFO: 技术部北 open success
2017-09-15 14:43:24,750 - INFO: 技术部北 open success
2017-09-15 14:49:06,699 - INFO: 技术部北 open success
2017-09-15 14:50:51,068 - INFO: 技术部北 open success
2017-09-15 14:55:31,360 - INFO: 三楼北移门 open success
2017-09-15 14:56:36,271 - INFO: 三楼北移门 open success
2017-09-15 14:56:54,663 - INFO: 三楼北移门 open success
2017-09-15 15:03:17,040 - INFO: 二楼北移门 open success
2017-09-15 15:03:36,304 - INFO: 二楼北移门 open success
2017-09-15 15:03:56,690 - INFO: 二楼北移门 open success
2017-09-15 15:04:44,288 - INFO: 技术部北 open success
2017-09-15 15:04:46,515 - INFO: 技术部北 open success
2017-09-15 15:04:55,273 - INFO: 技术部北 open success
2017-09-15 15:10:23,617 - INFO: 二楼北移门 open success
2017-09-15 15:10:23,656 - INFO: 二楼北移门 open success
2017-09-15 15:10:23,708 - INFO: 二楼北移门 open success
2017-09-15 15:10:23,750 - INFO: 二楼北移门 open success
2017-09-15 15:21:51,937 - INFO: 三楼北移门 open success
2017-09-15 15:21:51,980 - INFO: 三楼北移门 open success
2017-09-15 15:21:52,048 - INFO: 三楼北移门 open success
2017-09-15 15:21:52,102 - INFO: 三楼北移门 open success
2017-09-15 15:21:52,143 - INFO: 三楼北移门 open success
2017-09-15 15:21:52,187 - INFO: 三楼北移门 open success
2017-09-15 15:21:52,227 - INFO: 三楼北移门 open success
2017-09-15 15:51:00,709 - INFO: 技术部北 open success
2017-09-18 14:58:40,197 - INFO: 二楼北移门 open success
2017-09-18 15:03:32,710 - INFO: 技术部北 open success
2017-09-18 16:05:40,754 - INFO: 技术部北 open success
2017-09-18 16:15:13,309 - INFO: 技术部北 open success
2017-09-19 09:51:46,571 - INFO: 技术部北 open success
2017-09-19 09:52:00,724 - INFO: 技术部北 open success
2017-09-19 09:56:58,131 - INFO: 技术部北 open success
2017-09-19 09:57:13,081 - INFO: 技术部北 open success
2017-09-19 10:00:26,436 - INFO: 二楼北移门 open success
2017-09-19 11:48:18,887 - INFO: 二楼北移门 open success
2017-09-19 14:14:31,905 - INFO: 二楼北移门 open success
2017-09-19 15:19:20,657 - INFO: 二楼北移门 open success
2017-09-20 09:09:33,001 - INFO: 二楼北移门 open success
2017-09-20 09:10:26,755 - INFO: 二楼北移门 open success
2017-09-20 09:10:53,515 - INFO: 二楼北移门 open success
2017-09-20 09:27:42,804 - INFO: 二楼北移门 open success
2017-09-21 11:00:21,481 - INFO: 二楼北移门 open success
2017-09-21 16:39:13,299 - INFO: 二楼北移门 open success
2017-09-21 16:57:21,539 - INFO: 二楼北移门 open success
2017-09-22 16:15:54,674 - INFO: 二楼北移门 open success
2017-09-22 16:16:23,244 - INFO: 二楼北移门 open success
2017-09-22 16:16:41,237 - INFO: 二楼北移门 open success
2017-09-22 16:16:56,149 - INFO: 二楼北移门 open success
2017-09-22 16:17:10,605 - INFO: 二楼北移门 open success
2017-09-22 16:28:46,119 - INFO: 二楼北移门 open success
2017-09-22 16:57:00,975 - INFO: 二楼北移门 open success
2017-09-22 17:12:49,198 - INFO: 二楼北移门 open success
2017-09-22 17:12:49,236 - INFO: 二楼北移门 open success
2017-09-25 09:41:57,471 - INFO: 二楼北移门 open success
2017-09-25 09:58:56,961 - INFO: 二楼北移门 open success
2017-09-25 09:58:57,062 - INFO: 二楼北移门 open success
2017-09-25 09:58:57,130 - INFO: 二楼北移门 open success
2017-09-25 15:33:44,132 - INFO: 二楼北移门 open success
2017-09-26 11:48:53,321 - INFO: 二楼北移门 open success
2017-09-27 14:29:32,270 - INFO: 二楼北移门 open success
2017-09-27 16:08:24,925 - INFO: 二楼北移门 open success
2017-09-27 17:42:50,368 - INFO: 二楼北移门 open success
2017-09-28 10:33:50,234 - INFO: 三楼北移门 open success
2017-09-28 11:51:42,816 - INFO: 三楼北移门 open success
2017-09-29 13:52:03,693 - INFO: 二楼北移门 open success
2017-09-30 14:22:17,908 - INFO: 二楼北移门 open success
2017-10-09 10:20:15,738 - INFO: 二楼北移门 open success
2017-10-09 10:20:41,762 - INFO: 二楼北移门 open success
2017-10-10 13:32:35,353 - INFO: 二楼北移门 open success
2017-10-10 14:02:03,122 - INFO: 二楼北移门 open success
2017-10-10 14:12:46,031 - INFO: 二楼北移门 open success
2017-10-10 15:17:41,914 - INFO: 二楼北移门 open success
2017-10-10 15:29:10,563 - INFO: 二楼北移门 open success
2017-10-10 15:30:38,407 - INFO: 二楼北移门 open success
2017-10-10 15:33:24,377 - INFO: 二楼北移门 open success
2017-10-10 16:02:39,980 - INFO: 二楼北移门 open success
2017-10-11 11:23:22,101 - INFO: 二楼北移门 open success
2017-10-11 11:23:22,137 - INFO: 二楼北移门 open success
2017-10-11 11:23:22,171 - INFO: 二楼北移门 open success
2017-10-12 11:42:39,236 - INFO: 二楼北移门 open success
2017-10-12 15:32:57,673 - INFO: 二楼北移门 open success
2017-10-12 16:00:28,460 - INFO: 二楼北移门 open success
2017-10-12 16:38:54,394 - INFO: 二楼北移门 open success
2017-10-13 10:39:40,887 - INFO: 二楼北移门 open success
2017-10-13 11:01:01,038 - INFO: 二楼北移门 open success
2017-10-13 11:29:51,327 - INFO: 二楼北移门 open success
2017-10-13 11:29:51,486 - INFO: 二楼北移门 open success
2017-10-13 14:55:49,228 - INFO: 二楼北移门 open success
2017-10-16 14:28:23,413 - INFO: 二楼北移门 open success
2017-10-16 14:29:46,002 - INFO: 二楼北移门 open success
2017-10-16 14:30:01,984 - INFO: 二楼北移门 open success
2017-10-16 15:34:36,888 - INFO: 二楼北移门 open success
2017-10-17 13:14:32,022 - INFO: 二楼北移门 open success
2017-10-17 13:25:08,671 - INFO: 二楼北移门 open success
2017-10-17 15:33:08,189 - INFO: 二楼北移门 open success
2017-10-17 15:57:11,294 - INFO: 二楼北移门 open success
2017-10-17 16:06:37,189 - INFO: 二楼北移门 open success
2017-10-17 16:09:50,601 - INFO: 二楼北移门 open success
2017-10-17 16:15:29,978 - INFO: 二楼北移门 open success
2017-10-18 10:34:16,887 - INFO: 二楼北移门 open success
2017-11-01 13:22:58,310 - INFO: 二楼北移门 open success
2017-11-03 10:30:03,417 - INFO: 二楼北移门 open success
2017-11-03 10:40:23,961 - INFO: 二楼北移门 open success
2017-11-03 10:51:00,320 - INFO: 二楼北移门 open success
2017-11-06 14:12:58,958 - INFO: 二楼北移门 open success
2017-11-06 15:25:50,074 - INFO: 二楼北移门 open success
2017-11-07 11:00:01,268 - INFO: 二楼北移门 open success
2017-11-07 11:00:40,382 - INFO: 二楼北移门 open success
2017-11-07 11:14:05,758 - INFO: 二楼北移门 open success
2017-11-09 13:39:09,714 - INFO: 二楼北移门 open success
2017-11-09 13:39:32,394 - INFO: 二楼北移门 open success
2017-11-09 13:39:57,775 - INFO: 二楼北移门 open success
2017-11-09 13:40:13,798 - INFO: 二楼北移门 open success
2017-11-09 13:40:25,946 - INFO: 二楼北移门 open success
2017-11-09 15:36:13,845 - INFO: 二楼北移门 open success
2017-11-09 15:38:33,330 - INFO: 二楼北移门 open success
2017-11-09 17:04:35,904 - INFO: 二楼北移门 open success
2017-11-09 19:51:45,507 - INFO: 二楼北移门 open success
2017-11-09 19:52:16,140 - INFO: 二楼北移门 open success
2017-11-10 10:03:25,244 - INFO: 二楼北移门 open success
2017-11-10 10:04:35,936 - INFO: 二楼北移门 open success
2017-11-10 11:33:30,329 - INFO: 二楼北移门 open success
2017-11-10 11:34:05,475 - INFO: 二楼北移门 open success
2017-11-10 11:47:41,429 - INFO: 二楼北移门 open success
2017-11-10 11:58:18,431 - INFO: 二楼北移门 open success
2017-11-10 15:46:12,170 - INFO: 二楼北移门 open success
2017-11-10 15:56:47,831 - INFO: 二楼北移门 open success
2017-11-13 11:42:12,179 - INFO: 二楼北移门 open success
2017-11-13 13:10:16,748 - INFO: 二楼北移门 open success
2017-11-13 15:39:56,001 - INFO: 二楼北移门 open success
2017-11-13 16:12:49,124 - INFO: 二楼北移门 open success
2017-11-14 14:54:18,440 - INFO: 二楼北移门 open success
2017-11-14 15:03:34,972 - INFO: 二楼北移门 open success
2017-11-14 15:06:19,329 - INFO: 二楼北移门 open success
2017-11-14 15:32:29,130 - INFO: 二楼北移门 open success
2017-11-15 11:25:50,865 - INFO: 二楼北移门 open success
2017-11-15 11:35:49,985 - INFO: 二楼北移门 open success
2017-11-15 11:37:28,000 - INFO: 二楼北移门 open success
2017-11-15 15:13:41,948 - INFO: 二楼北移门 open success
2017-11-17 10:49:17,854 - INFO: 二楼北移门 open success
2017-11-17 11:27:15,721 - INFO: 二楼北移门 open success
2017-11-20 10:55:04,065 - INFO: 二楼北移门 open success
2017-11-20 11:30:43,703 - INFO: 二楼北移门 open success
2017-11-20 11:40:04,062 - INFO: 二楼北移门 open success
2017-11-20 11:59:20,275 - INFO: 二楼北移门 open success
2017-11-21 15:58:46,861 - INFO: 二楼北移门 open success
2017-11-24 11:03:34,189 - INFO: 二楼北移门 open success
2017-11-24 11:08:55,124 - INFO: 二楼北移门 open success
2017-11-24 11:10:10,324 - INFO: 二楼北移门 open success
2017-11-24 14:21:07,358 - INFO: 二楼北移门 open success
2017-11-24 16:28:57,715 - INFO: 二楼北移门 open success
2017-11-27 17:11:19,629 - INFO: 二楼北移门 open success
2017-11-28 10:34:05,817 - INFO: 二楼北移门 open success
2017-11-28 17:22:06,706 - INFO: 二楼北移门 open success
2017-11-29 17:11:28,373 - INFO: 二楼北移门 open success
2017-11-30 16:34:12,896 - INFO: 二楼北移门 open success
2017-11-30 20:11:00,058 - INFO: 二楼北移门 open success
2017-12-06 10:16:32,277 - INFO: 二楼北移门 open success
2017-12-06 10:17:28,010 - INFO: 二楼北移门 open success
2017-12-06 11:48:58,501 - INFO: 二楼北移门 open success
2017-12-06 16:53:55,572 - INFO: 二楼北移门 open success
2017-12-06 16:53:55,844 - INFO: 二楼北移门 open success
2017-12-06 17:10:23,893 - INFO: 二楼北移门 open success
2017-12-07 14:21:03,867 - INFO: 二楼北移门 open success
2017-12-07 20:23:59,642 - INFO: 二楼北移门 open success
2017-12-08 13:57:07,430 - INFO: 二楼北移门 open success
2017-12-12 09:18:39,620 - INFO: 二楼北移门 open success
2017-12-12 10:03:59,368 - INFO: 二楼北移门 open success
2017-12-12 10:17:18,584 - INFO: 二楼北移门 open success
2017-12-12 10:26:42,159 - INFO: 二楼北移门 open success
2017-12-12 16:44:07,165 - INFO: 技术部北 open success
2017-12-13 13:09:08,915 - INFO: 二楼北移门 open success
2017-12-14 10:09:56,777 - INFO: 二楼北移门 open success
2017-12-14 10:10:12,916 - INFO: 二楼北移门 open success
2017-12-14 10:12:28,026 - INFO: 二楼北移门 open success
2017-12-14 10:28:44,886 - INFO: 二楼北移门 open success
2017-12-14 10:28:44,927 - INFO: 二楼北移门 open success
2017-12-14 10:28:44,980 - INFO: 二楼北移门 open success
2017-12-14 10:28:45,021 - INFO: 二楼北移门 open success
2017-12-14 10:28:45,075 - INFO: 二楼北移门 open success
2017-12-14 10:28:45,124 - INFO: 二楼北移门 open success
2017-12-14 10:28:45,165 - INFO: 二楼北移门 open success
2017-12-14 11:20:49,566 - INFO: 二楼北移门 open success
2017-12-14 14:50:24,817 - INFO: 二楼北移门 open success
2017-12-14 15:29:54,939 - INFO: 二楼北移门 open success
2017-12-15 16:06:54,051 - INFO: 二楼北移门 open success
2017-12-19 17:00:59,151 - INFO: 二楼北移门 open success
2017-12-20 13:22:41,895 - INFO: 二楼北移门 open success
2017-12-20 13:32:05,006 - INFO: 技术部北 open success
2017-12-20 14:29:16,469 - INFO: 二楼北移门 open success
2017-12-20 14:30:46,332 - INFO: 二楼北移门 open success
2017-12-20 14:50:55,754 - INFO: 二楼北移门 open success
2017-12-22 11:51:32,907 - INFO: 二楼北移门 open success
2017-12-22 15:22:17,744 - INFO: 二楼北移门 open success
2017-12-22 15:37:34,431 - INFO: 二楼北移门 open success
2017-12-22 15:39:23,502 - INFO: 二楼北移门 open success
2017-12-22 15:51:38,829 - INFO: 二楼北移门 open success
2017-12-22 17:00:28,600 - INFO: 二楼北移门 open success
2017-12-25 14:28:36,968 - INFO: 二楼北移门 open success
2017-12-25 14:36:07,612 - INFO: 二楼北移门 open success
2017-12-25 14:49:31,463 - INFO: 二楼北移门 open success
2017-12-25 15:11:17,653 - INFO: 二楼北移门 open success
2017-12-26 15:45:54,815 - INFO: 二楼北移门 open success
2017-12-27 10:40:37,636 - INFO: 二楼北移门 open success
2017-12-28 10:34:38,334 - INFO: 二楼北移门 open success
2017-12-29 10:41:05,511 - INFO: 二楼北移门 open success
2017-12-29 10:46:58,727 - INFO: 二楼北移门 open success
2017-12-29 15:31:45,561 - INFO: 技术部北 open success
2018-01-02 10:03:28,458 - INFO: 二楼北移门 open success
2018-01-02 10:16:19,123 - INFO: 二楼北移门 open success
2018-01-02 15:10:43,065 - INFO: 二楼北移门 open success
2018-01-03 09:32:03,669 - INFO: 二楼北移门 open success
2018-01-03 11:23:19,223 - INFO: 二楼北移门 open success
2018-01-03 11:23:19,275 - INFO: 二楼北移门 open success
2018-01-03 11:23:19,331 - INFO: 二楼北移门 open success
2018-01-03 11:23:19,392 - INFO: 二楼北移门 open success
2018-01-03 14:36:47,131 - INFO: 二楼北移门 open success
2018-01-03 14:44:12,226 - INFO: 二楼北移门 open success
2018-01-03 14:56:45,434 - INFO: 二楼北移门 open success
2018-01-03 15:10:30,383 - INFO: 二楼北移门 open success
2018-01-03 15:10:56,067 - INFO: 二楼北移门 open success
2018-01-03 15:24:08,133 - INFO: 二楼北移门 open success
2018-01-03 15:26:03,588 - INFO: 二楼北移门 open success
2018-01-03 17:24:54,356 - INFO: 二楼北移门 open success
2018-01-03 17:24:54,423 - INFO: 二楼北移门 open success
2018-01-04 13:40:06,289 - INFO: 二楼北移门 open success
2018-01-05 10:42:04,602 - INFO: 二楼北移门 open success
2018-01-05 10:44:34,248 - INFO: 二楼北移门 open success
2018-01-05 17:15:36,702 - INFO: 二楼北移门 open success
2018-01-08 09:32:56,749 - INFO: 二楼北移门 open success
2018-01-08 09:34:41,714 - INFO: 二楼北移门 open success
2018-01-08 11:31:38,603 - INFO: 二楼北移门 open success
2018-01-08 11:53:08,174 - INFO: 二楼北移门 open success
2018-01-08 17:27:03,720 - INFO: 二楼北移门 open success
2018-01-10 11:26:41,418 - INFO: 二楼北移门 open success
2018-01-10 11:27:22,459 - INFO: 二楼北移门 open success
2018-01-10 11:43:05,673 - INFO: 二楼北移门 open success
2018-01-10 11:43:05,721 - INFO: 二楼北移门 open success
2018-01-10 11:43:05,790 - INFO: 二楼北移门 open success
2018-01-10 14:41:42,312 - INFO: 二楼北移门 open success
2018-01-10 14:42:05,330 - INFO: 二楼北移门 open success
2018-01-10 15:18:19,764 - INFO: 二楼北移门 open success
2018-01-10 15:18:27,165 - INFO: 二楼北移门 open success
2018-01-12 13:59:46,252 - INFO: 二楼北移门 open success
2018-01-12 14:00:14,692 - INFO: 二楼北移门 open success
2018-01-12 15:18:04,073 - INFO: 二楼北移门 open success
2018-01-18 14:16:20,043 - INFO: 二楼北移门 open success
2018-01-18 15:25:19,786 - INFO: 二楼北移门 open success
2018-01-23 14:14:52,850 - INFO: 二楼北移门 open success
2018-01-23 15:35:32,358 - INFO: 二楼北移门 open success
2018-01-24 09:53:57,706 - INFO: 二楼北移门 open success
2018-01-24 11:43:37,263 - INFO: 二楼北移门 open success
2018-01-24 11:44:44,222 - INFO: 二楼北移门 open success
2018-01-25 11:05:25,912 - INFO: 二楼北移门 open success
2018-01-25 11:05:29,473 - INFO: 二楼北移门 open success
2018-01-25 11:05:33,869 - INFO: 二楼北移门 open success
2018-01-25 11:05:39,564 - INFO: 二楼北移门 open success
2018-01-26 12:06:24,484 - INFO: 二楼北移门 open success
2018-01-26 12:06:24,529 - INFO: 二楼北移门 open success
2018-01-26 12:06:24,594 - INFO: 二楼北移门 open success
2018-01-26 12:06:24,648 - INFO: 二楼北移门 open success
2018-01-26 12:06:24,709 - INFO: 二楼北移门 open success
2018-01-26 12:06:24,753 - INFO: 二楼北移门 open success
2018-01-26 13:24:35,638 - INFO: 二楼北移门 open success
2018-01-26 14:57:32,761 - INFO: 二楼北移门 open success
2018-01-29 10:20:15,334 - INFO: 二楼北移门 open success
2018-01-29 11:38:39,498 - INFO: 二楼北移门 open success
2018-01-29 14:54:27,767 - INFO: 二楼北移门 open success
2018-01-30 10:48:30,368 - INFO: 二楼北移门 open success
2018-01-30 11:01:15,607 - INFO: 二楼北移门 open success
2018-01-30 11:02:59,470 - INFO: 二楼北移门 open success
2018-01-30 17:21:26,261 - INFO: 二楼北移门 open success
2018-01-30 17:23:16,084 - INFO: 二楼北移门 open success
2018-01-31 11:45:45,635 - INFO: 二楼北移门 open success
2018-01-31 11:50:35,393 - INFO: 二楼北移门 open success
2018-02-06 10:28:54,225 - INFO: 技术部北 open success
2018-02-08 10:45:04,482 - INFO: 二楼北移门 open success
2018-02-08 10:47:49,311 - INFO: 二楼北移门 open success
2018-02-08 11:01:10,093 - INFO: 二楼北移门 open success
2018-02-08 11:03:22,946 - INFO: 二楼北移门 open success
2018-02-09 10:33:38,851 - INFO: 二楼北移门 open success
2018-02-09 10:36:17,705 - INFO: 二楼北移门 open success
2018-02-09 15:03:23,539 - INFO: 二楼北移门 open success
2018-02-11 11:53:00,029 - INFO: 二楼北移门 open success
2018-02-11 11:55:49,420 - INFO: 二楼北移门 open success
2018-02-11 11:56:17,642 - INFO: 二楼北移门 open success
2018-02-23 17:06:48,110 - INFO: 二楼北移门 open success
2018-02-24 14:25:17,352 - INFO: 二楼北移门 open success
2018-02-24 14:25:37,868 - INFO: 二楼北移门 open success
2018-02-24 15:16:09,586 - INFO: 二楼北移门 open success
2018-02-24 15:31:46,770 - INFO: 二楼北移门 open success
2018-02-24 15:43:30,492 - INFO: 二楼北移门 open success
2018-02-24 16:47:26,051 - INFO: 二楼北移门 open success
2018-02-26 14:39:05,678 - INFO: 二楼北移门 open success
2018-02-27 09:19:01,479 - INFO: 二楼北移门 open success
2018-02-27 09:22:06,867 - INFO: 二楼北移门 open success
2018-02-27 15:05:28,538 - INFO: 二楼北移门 open success
2018-03-02 11:41:26,348 - INFO: 二楼北移门 open success
2018-03-06 13:19:29,967 - INFO: 二楼北移门 open success
2018-03-07 09:49:23,298 - INFO: 二楼北移门 open success
2018-03-07 20:15:10,331 - INFO: 二楼北移门 open success
2018-03-08 10:35:40,402 - INFO: 二楼北移门 open success
2018-03-08 10:39:19,748 - INFO: 二楼北移门 open success
2018-03-09 11:47:15,971 - INFO: 二楼北移门 open success
2018-03-09 11:49:07,908 - INFO: 二楼北移门 open success
2018-03-09 16:05:40,744 - INFO: 二楼北移门 open success
2018-03-12 17:03:00,605 - INFO: 二楼北移门 open success
2018-03-13 09:39:33,732 - INFO: 二楼北移门 open success
2018-03-13 16:27:33,621 - INFO: 二楼北移门 open success
2018-03-13 16:43:57,540 - INFO: 二楼北移门 open success
2018-03-14 10:59:58,777 - INFO: 二楼北移门 open success
2018-03-15 09:46:31,271 - INFO: 二楼北移门 open success
2018-03-15 16:34:49,985 - INFO: 二楼北移门 open success
2018-03-15 16:34:50,530 - INFO: 二楼北移门 open success
2018-03-16 15:52:25,945 - INFO: 二楼北移门 open success
2018-03-19 11:51:06,571 - INFO: 二楼北移门 open success
2018-03-21 16:31:46,826 - INFO: 二楼北移门 open success
2018-03-21 16:53:14,571 - INFO: 二楼北移门 open success
2018-03-22 17:48:25,724 - INFO: 二楼北移门 open success
2018-03-22 18:16:17,067 - INFO: 二楼北移门 open success
2018-03-22 18:16:17,126 - INFO: 二楼北移门 open success
2018-03-23 09:47:41,642 - INFO: 二楼北移门 open success
2018-03-23 13:36:09,327 - INFO: 二楼北移门 open success
2018-03-26 10:32:13,639 - INFO: 二楼北移门 open success
2018-03-26 10:32:53,432 - INFO: 二楼北移门 open success
2018-03-26 16:10:05,489 - INFO: 二楼北移门 open success
2018-03-29 15:49:54,619 - INFO: 二楼北移门 open success
2018-03-30 14:32:03,155 - INFO: 二楼北移门 open success
2018-03-30 15:00:13,404 - INFO: 二楼北移门 open success
2018-03-30 15:13:01,964 - INFO: 二楼北移门 open success
2018-03-30 15:13:47,520 - INFO: 二楼北移门 open success
2018-04-02 10:59:13,906 - INFO: 二楼北移门 open success
2018-04-02 11:20:05,961 - INFO: 二楼北移门 open success
2018-04-02 13:06:43,416 - INFO: 二楼北移门 open success
2018-04-02 14:07:33,178 - INFO: 二楼北移门 open success
2018-04-02 16:10:39,653 - INFO: 二楼北移门 open success
2018-04-02 16:19:51,163 - INFO: 二楼北移门 open success
2018-04-03 09:17:00,974 - INFO: 二楼北移门 open success
2018-04-03 10:43:53,061 - INFO: 二楼北移门 open success
2018-04-03 10:51:15,879 - INFO: 二楼北移门 open success
2018-04-03 11:21:06,561 - INFO: 二楼北移门 open success
2018-04-03 11:47:39,235 - INFO: 二楼北移门 open success
2018-04-03 13:05:29,905 - INFO: 二楼北移门 open success
2018-04-04 09:55:59,306 - INFO: 二楼北移门 open success
2018-04-08 09:36:28,577 - INFO: 二楼北移门 open success
2018-04-08 09:42:45,237 - INFO: 二楼北移门 open success
2018-04-08 09:58:57,520 - INFO: 二楼北移门 open success
2018-04-08 15:49:00,510 - INFO: 二楼北移门 open success
2018-04-09 10:39:18,282 - INFO: 二楼北移门 open success
2018-04-09 10:39:57,293 - INFO: 二楼北移门 open success
2018-04-09 15:35:44,198 - INFO: 二楼北移门 open success
2018-04-09 15:38:27,520 - INFO: 二楼北移门 open success
2018-04-10 10:11:23,198 - INFO: 二楼北移门 open success
2018-04-10 10:11:26,050 - INFO: 二楼北移门 open success
2018-04-11 10:17:55,959 - INFO: 二楼北移门 open success
2018-04-11 10:17:56,030 - INFO: 二楼北移门 open success
2018-04-11 10:17:56,100 - INFO: 二楼北移门 open success
2018-04-11 15:14:33,965 - INFO: 二楼北移门 open success
2018-04-11 15:14:57,401 - INFO: 二楼北移门 open success
2018-04-12 15:26:39,876 - INFO: 二楼北移门 open success
2018-04-12 16:09:52,547 - INFO: 二楼北移门 open success
2018-04-13 11:45:36,742 - INFO: 二楼北移门 open success
2018-04-13 15:32:36,126 - INFO: 二楼北移门 open success
2018-04-13 15:41:14,364 - INFO: 二楼北移门 open success
2018-04-13 15:41:18,769 - INFO: 二楼北移门 open success
2018-04-13 15:42:03,644 - INFO: 二楼北移门 open success
2018-04-13 15:42:47,847 - INFO: 二楼北移门 open success
2018-04-13 16:11:07,910 - INFO: 二楼北移门 open success
2018-04-13 16:17:18,438 - INFO: 二楼北移门 open success
2018-04-13 16:34:47,082 - INFO: 二楼北移门 open success
2018-04-16 09:47:53,951 - INFO: 二楼北移门 open success
2018-04-16 10:32:34,305 - INFO: 二楼北移门 open success
2018-04-16 13:19:41,374 - INFO: 二楼北移门 open success
2018-04-16 14:35:29,705 - INFO: 二楼北移门 open success
2018-04-16 14:45:05,603 - INFO: 二楼北移门 open success
2018-04-17 09:14:19,315 - INFO: 二楼北移门 open success
2018-04-17 09:30:40,235 - INFO: 二楼北移门 open success
2018-04-17 13:29:05,933 - INFO: 二楼北移门 open success
2018-04-17 13:29:41,685 - INFO: 二楼北移门 open success
2018-04-17 16:33:41,279 - INFO: 二楼北移门 open success
2018-04-18 09:53:08,050 - INFO: 二楼北移门 open success
2018-04-19 08:54:48,481 - INFO: 二楼北移门 open success
2018-04-19 16:40:26,447 - INFO: 二楼北移门 open success
2018-04-20 09:15:59,929 - INFO: 二楼北移门 open success
2018-04-20 10:49:19,430 - INFO: 二楼北移门 open success
2018-04-20 10:49:19,475 - INFO: 二楼北移门 open success
2018-04-20 11:25:33,637 - INFO: 二楼北移门 open success
2018-04-23 13:07:23,415 - INFO: 二楼北移门 open success
2018-04-23 13:30:46,926 - INFO: 二楼北移门 open success
2018-04-23 14:18:37,182 - INFO: 二楼北移门 open success
2018-04-23 14:19:54,389 - INFO: 二楼北移门 open success
2018-04-23 14:41:32,731 - INFO: 二楼北移门 open success
2018-04-23 17:03:19,585 - INFO: 二楼北移门 open success
2018-04-25 15:56:26,619 - INFO: 二楼北移门 open success
2018-05-03 15:28:05,808 - INFO: 二楼北移门 open success
2018-05-03 15:28:09,874 - INFO: 二楼北移门 open success
2018-05-03 15:36:20,237 - INFO: 二楼北移门 open success
2018-05-03 19:32:59,572 - INFO: 二楼北移门 open success
2018-05-03 19:33:00,482 - INFO: 二楼北移门 open success
2018-05-03 19:33:04,122 - INFO: 二楼北移门 open success
2018-05-08 09:47:31,302 - INFO: 二楼北移门 open success
2018-05-08 09:48:25,446 - INFO: 二楼北移门 open success
2018-05-08 11:53:53,998 - INFO: 二楼北移门 open success
2018-05-08 11:58:52,564 - INFO: 二楼北移门 open success
2018-05-09 11:12:09,531 - INFO: 二楼北移门 open success
2018-05-09 14:23:54,504 - INFO: 二楼北移门 open success
2018-05-09 16:04:42,099 - INFO: 二楼北移门 open success
2018-05-09 16:08:40,518 - INFO: 二楼北移门 open success
2018-05-09 17:05:55,849 - INFO: 二楼北移门 open success
2018-05-09 17:06:32,168 - INFO: 二楼北移门 open success
2018-05-10 11:24:20,769 - INFO: 二楼北移门 open success
2018-05-11 14:13:02,087 - INFO: 二楼北移门 open success
2018-05-14 14:31:34,484 - INFO: 二楼北移门 open success
2018-05-14 14:32:16,802 - INFO: 二楼北移门 open success
2018-05-15 14:46:51,265 - INFO: 二楼北移门 open success
2018-05-16 09:58:09,523 - INFO: 二楼北移门 open success
2018-05-16 09:58:09,559 - INFO: 二楼北移门 open success
2018-05-16 09:58:09,594 - INFO: 二楼北移门 open success
2018-05-16 11:09:50,148 - INFO: 二楼北移门 open success
2018-05-17 17:12:35,849 - INFO: 二楼北移门 open success
2018-05-17 17:17:12,190 - INFO: 二楼北移门 open success
2018-05-17 17:17:42,826 - INFO: 二楼北移门 open success
2018-05-17 19:41:51,820 - INFO: 技术部北 open success
2018-05-18 13:13:24,685 - INFO: 二楼北移门 open success
2018-05-18 16:03:09,426 - INFO: 二楼北移门 open success
2018-05-21 09:58:57,358 - INFO: 二楼北移门 open success
2018-05-21 10:50:51,786 - INFO: 二楼北移门 open success
2018-05-21 10:52:23,394 - INFO: 二楼北移门 open success
2018-05-21 14:49:23,795 - INFO: 二楼北移门 open success
2018-05-21 14:49:23,898 - INFO: 二楼北移门 open success
2018-05-21 16:46:27,613 - INFO: 二楼北移门 open success
2018-05-22 08:46:36,296 - INFO: 二楼北移门 open success
2018-05-22 14:59:40,720 - INFO: 二楼北移门 open success
2018-05-24 10:13:16,320 - INFO: 二楼北移门 open success
2018-05-24 10:13:58,975 - INFO: 二楼北移门 open success
2018-05-24 11:04:19,558 - INFO: 二楼北移门 open success
2018-05-25 13:45:37,326 - INFO: 二楼北移门 open success
2018-05-25 17:30:46,660 - INFO: 二楼北移门 open success
2018-05-28 13:34:35,008 - INFO: 二楼北移门 open success
2018-05-30 09:02:23,991 - INFO: 二楼北移门 open success
2018-05-30 11:53:42,206 - INFO: 二楼北移门 open success
2018-06-01 15:32:36,549 - INFO: 二楼北移门 open success
2018-06-04 10:09:20,301 - INFO: 二楼北移门 open success
2018-06-05 15:31:41,990 - INFO: 二楼北移门 open success
2018-06-05 15:33:33,424 - INFO: 二楼北移门 open success
2018-06-05 16:16:49,359 - INFO: 二楼北移门 open success
2018-06-05 16:20:07,834 - INFO: 二楼北移门 open success
2018-06-06 16:25:25,069 - INFO: 二楼北移门 open success
2018-06-07 11:26:15,802 - INFO: 技术部北 open success
2018-06-07 14:44:08,532 - INFO: 二楼北移门 open success
2018-06-08 09:57:39,992 - INFO: 二楼北移门 open success
2018-06-08 11:28:30,810 - INFO: 二楼北移门 open success
2018-06-11 11:51:04,209 - INFO: 二楼北移门 open success
2018-06-11 11:52:16,761 - INFO: 二楼北移门 open success
2018-06-13 15:17:14,454 - INFO: 二楼北移门 open success
2018-06-13 15:19:54,080 - INFO: 二楼北移门 open success
2018-06-13 16:06:58,196 - INFO: 二楼北移门 open success
2018-06-14 10:31:59,435 - INFO: 二楼北移门 open success
2018-06-14 11:13:55,692 - INFO: 二楼北移门 open success
2018-06-14 11:41:52,048 - INFO: 二楼北移门 open success
2018-06-14 11:51:13,072 - INFO: 二楼北移门 open success
2018-06-20 09:45:10,294 - INFO: 二楼北移门 open success
2018-06-20 11:34:40,055 - INFO: 二楼北移门 open success
2018-06-21 16:20:07,468 - INFO: 二楼北移门 open success
2018-06-21 18:27:48,604 - INFO: 二楼北移门 open success
2018-06-21 19:23:40,712 - INFO: 二楼北移门 open success
2018-06-21 19:25:55,176 - INFO: 二楼北移门 open success
2018-06-28 16:56:45,872 - INFO: 二楼北移门 open success
2018-06-29 20:22:14,798 - INFO: 技术部北 open success
2018-07-01 14:33:34,968 - INFO: 二楼北移门 open success
2018-07-01 14:35:59,704 - INFO: 二楼北移门 open success
2018-07-01 14:39:31,831 - INFO: 二楼北移门 open success
2018-07-01 14:39:58,404 - INFO: 二楼北移门 open success
2018-07-01 14:50:24,936 - INFO: 二楼北移门 open success
2018-07-01 14:51:43,727 - INFO: 二楼北移门 open success
2018-07-01 15:00:02,727 - INFO: 二楼北移门 open success
2018-07-01 16:42:33,796 - INFO: 二楼北移门 open success
2018-07-01 16:49:45,918 - INFO: 二楼北移门 open success
2018-07-01 17:03:58,052 - INFO: 二楼北移门 open success
2018-07-01 17:06:52,388 - INFO: 二楼北移门 open success
2018-07-02 11:01:53,959 - INFO: 二楼北移门 open success
2018-07-02 11:12:48,549 - INFO: 二楼北移门 open success
2018-07-03 13:55:50,618 - INFO: 二楼北移门 open success
2018-07-03 14:15:14,509 - INFO: 二楼北移门 open success
2018-07-05 12:02:25,955 - INFO: 二楼北移门 open success
2018-07-05 12:02:26,248 - INFO: 二楼北移门 open success
2018-07-12 19:31:47,590 - INFO: 技术部北 open success
2018-07-13 09:55:29,034 - INFO: 二楼北移门 open success
2018-07-13 10:53:03,205 - INFO: 二楼北移门 open success
2018-07-13 11:10:38,441 - INFO: 二楼北移门 open success
2018-07-23 11:11:56,710 - INFO: 二楼北移门 open success
2018-07-24 15:58:32,703 - INFO: 二楼北移门 open success
2018-07-25 11:20:43,963 - INFO: 二楼北移门 open success
2018-07-26 18:08:31,050 - INFO: 二楼北移门 open success
2018-07-26 19:08:11,112 - INFO: 二楼北移门 open success
2018-07-26 20:12:25,078 - INFO: 二楼北移门 open success
2018-07-26 20:12:25,135 - INFO: 二楼北移门 open success
2018-07-26 20:12:25,196 - INFO: 二楼北移门 open success
2018-07-27 16:06:42,735 - INFO: 二楼北移门 open success
2018-07-27 16:44:33,920 - INFO: 二楼北移门 open success
2018-07-30 17:09:37,694 - INFO: 二楼北移门 open success
2018-07-30 17:10:08,020 - INFO: 二楼北移门 open success
2018-07-30 17:13:32,762 - INFO: 二楼北移门 open success
2018-07-30 17:42:55,929 - INFO: 二楼北移门 open success
2018-07-31 11:51:49,601 - INFO: 二楼北移门 open success
2018-07-31 16:16:46,229 - INFO: 二楼北移门 open success
2018-08-02 14:41:01,607 - INFO: 二楼北移门 open success
2018-08-02 15:41:11,051 - INFO: 技术部北 open success
2018-08-02 16:10:04,766 - INFO: 二楼北移门 open success
2018-08-02 16:10:10,979 - INFO: 二楼北移门 open success
2018-08-03 13:33:32,960 - INFO: 二楼北移门 open success
2018-08-03 15:04:07,855 - INFO: 二楼北移门 open success
2018-08-03 15:49:31,372 - INFO: 二楼北移门 open success
2018-08-03 16:54:49,156 - INFO: 二楼北移门 open success
2018-08-03 17:09:37,526 - INFO: 二楼北移门 open success
2018-08-06 10:01:24,108 - INFO: 二楼北移门 open success
2018-08-06 13:41:34,402 - INFO: 二楼北移门 open success
2018-08-06 13:41:56,576 - INFO: 二楼北移门 open success
2018-08-06 14:24:48,740 - INFO: 二楼北移门 open success
2018-08-06 14:36:56,082 - INFO: 二楼北移门 open success
2018-08-06 14:37:05,649 - INFO: 二楼北移门 open success
2018-08-06 16:39:23,254 - INFO: 二楼北移门 open success
2018-08-06 17:26:34,454 - INFO: 二楼北移门 open success
2018-08-08 17:24:21,898 - INFO: 二楼北移门 open success
2018-08-08 17:24:22,553 - INFO: 二楼北移门 open success
2018-08-09 10:26:44,662 - INFO: 二楼北移门 open success
2018-08-13 10:45:58,656 - INFO: 二楼北移门 open success
2018-08-13 14:45:32,202 - INFO: 二楼北移门 open success
2018-08-14 12:23:58,389 - INFO: 二楼北移门 open success
2018-08-15 09:14:19,243 - INFO: 二楼北移门 open success
2018-08-15 13:57:18,214 - INFO: 二楼北移门 open success
2018-08-16 11:48:02,347 - INFO: 二楼北移门 open success
2018-08-16 11:48:41,479 - INFO: 二楼北移门 open success
2018-08-17 11:21:15,988 - INFO: 二楼北移门 open success
2018-08-17 11:25:12,153 - INFO: 二楼北移门 open success
2018-08-21 09:58:45,635 - INFO: 二楼北移门 open success
2018-08-21 14:50:01,528 - INFO: 二楼北移门 open success
2018-08-21 15:03:45,430 - INFO: 二楼北移门 open success
2018-08-21 15:04:53,106 - INFO: 二楼北移门 open success
2018-08-23 14:47:18,260 - INFO: 二楼北移门 open success
2018-08-23 15:06:02,430 - INFO: 二楼北移门 open success
2018-08-23 15:27:30,801 - INFO: 二楼北移门 open success
2018-08-23 15:28:17,607 - INFO: 二楼北移门 open success
2018-08-24 11:22:05,667 - INFO: 二楼北移门 open success
2018-08-24 11:27:54,572 - INFO: 二楼北移门 open success
2018-08-24 11:30:54,904 - INFO: 二楼北移门 open success
2018-08-24 11:36:33,512 - INFO: 二楼北移门 open success
2018-08-24 14:16:08,659 - INFO: 二楼北移门 open success
2018-08-27 11:43:08,428 - INFO: 二楼北移门 open success
2018-08-27 11:44:14,588 - INFO: 二楼北移门 open success
2018-08-27 14:17:42,248 - INFO: 二楼北移门 open success
2018-08-27 14:18:26,715 - INFO: 二楼北移门 open success
2018-08-27 14:25:26,396 - INFO: 二楼北移门 open success
2018-08-28 11:05:01,295 - INFO: 二楼北移门 open success
2018-08-28 11:11:00,367 - INFO: 二楼北移门 open success
2018-08-28 11:15:02,822 - INFO: 二楼北移门 open success
2018-08-28 11:48:32,791 - INFO: 二楼北移门 open success
2018-08-28 14:48:05,881 - INFO: 二楼北移门 open success
2018-08-30 13:50:08,843 - INFO: 二楼北移门 open success
2018-08-30 15:33:14,364 - INFO: 二楼北移门 open success
2018-08-30 15:33:14,464 - INFO: 二楼北移门 open success
2018-08-30 20:00:54,667 - INFO: 二楼北移门 open success
2018-08-30 20:00:54,795 - INFO: 二楼北移门 open success
2018-08-31 11:01:32,232 - INFO: 二楼北移门 open success
2018-08-31 11:22:30,795 - INFO: 二楼北移门 open success
2018-09-03 09:39:56,473 - INFO: 二楼北移门 open success
2018-09-03 14:42:34,086 - INFO: 二楼北移门 open success
2018-09-03 15:02:52,972 - INFO: 二楼北移门 open success
2018-09-03 15:20:36,957 - INFO: 二楼北移门 open success
2018-09-03 15:20:37,050 - INFO: 二楼北移门 open success
2018-09-03 15:20:37,139 - INFO: 二楼北移门 open success
2018-09-03 15:20:37,226 - INFO: 二楼北移门 open success
2018-09-03 15:20:37,310 - INFO: 二楼北移门 open success
2018-09-03 15:31:11,135 - INFO: 二楼北移门 open success
2018-09-03 16:51:53,302 - INFO: 二楼北移门 open success
2018-09-03 16:53:08,249 - INFO: 二楼北移门 open success
2018-09-03 16:53:29,377 - INFO: 二楼北移门 open success
2018-09-03 17:13:02,690 - INFO: 二楼北移门 open success
2018-09-03 17:19:45,171 - INFO: 二楼北移门 open success
2018-09-04 17:37:37,755 - INFO: 二楼北移门 open success
2018-09-04 17:37:55,432 - INFO: 二楼北移门 open success
2018-09-05 14:54:38,421 - INFO: 二楼北移门 open success
2018-09-05 16:58:46,199 - INFO: 二楼北移门 open success
2018-09-07 12:37:34,591 - INFO: 二楼北移门 open success
2018-09-07 13:29:55,846 - INFO: 二楼北移门 open success
2018-09-07 15:17:39,527 - INFO: 二楼北移门 open success
2018-09-07 15:43:25,505 - INFO: 二楼北移门 open success
2018-09-07 17:04:39,604 - INFO: 二楼北移门 open success
2018-09-11 10:55:12,709 - INFO: 二楼北移门 open success
2018-09-11 11:02:36,463 - INFO: 二楼北移门 open success
2018-09-11 16:10:34,663 - INFO: 二楼北移门 open success
2018-09-11 16:10:34,751 - INFO: 二楼北移门 open success
2018-09-11 16:10:34,832 - INFO: 二楼北移门 open success
2018-09-11 17:27:35,750 - INFO: 二楼北移门 open success
2018-09-12 13:53:34,864 - INFO: 二楼北移门 open success
2018-09-12 16:56:59,891 - INFO: 二楼北移门 open success
2018-09-14 11:34:10,020 - INFO: 二楼北移门 open success
2018-09-14 12:00:49,761 - INFO: 二楼北移门 open success
2018-09-14 13:50:17,552 - INFO: 二楼北移门 open success
2018-09-14 14:08:51,300 - INFO: 二楼北移门 open success
2018-09-14 14:22:34,462 - INFO: 二楼北移门 open success
2018-09-14 15:58:06,388 - INFO: 二楼北移门 open success
2018-09-14 16:58:46,967 - INFO: 二楼北移门 open success
2018-09-17 17:33:32,287 - INFO: 二楼北移门 open success
2018-09-17 17:36:19,933 - INFO: 二楼北移门 open success
2018-09-17 17:42:19,256 - INFO: 二楼北移门 open success
2018-09-18 14:00:46,375 - INFO: 二楼北移门 open success
2018-09-18 14:52:24,051 - INFO: 二楼北移门 open success
2018-09-19 15:12:19,762 - INFO: 二楼北移门 open success
2018-09-19 16:56:32,502 - INFO: 二楼北移门 open success
2018-09-20 09:33:28,960 - INFO: 三楼北移门 open success
2018-09-20 14:32:58,080 - INFO: 二楼北移门 open success
2018-09-20 14:40:51,207 - INFO: 二楼北移门 open success
2018-09-20 14:58:59,190 - INFO: 二楼北移门 open success
2018-09-20 14:58:59,278 - INFO: 二楼北移门 open success
2018-09-20 17:05:35,341 - INFO: 二楼北移门 open success
2018-09-20 17:11:45,202 - INFO: 二楼北移门 open success
2018-09-25 10:32:27,975 - INFO: 二楼北移门 open success
2018-09-25 11:36:22,386 - INFO: 二楼北移门 open success
2018-09-25 15:10:31,841 - INFO: 二楼北移门 open success
2018-09-25 16:46:43,154 - INFO: 二楼北移门 open success
2018-09-25 17:14:17,968 - INFO: 二楼北移门 open success
2018-09-25 17:15:32,312 - INFO: 二楼北移门 open success
2018-09-26 09:37:40,581 - INFO: 技术部北 open success
2018-09-26 17:31:33,446 - INFO: 二楼北移门 open success
2018-09-28 11:01:22,934 - INFO: 二楼北移门 open success
2018-09-28 11:30:46,679 - INFO: 二楼北移门 open success
2018-09-28 11:31:37,109 - INFO: 二楼北移门 open success
2018-09-28 15:54:10,953 - INFO: 二楼北移门 open success
2018-09-30 08:59:37,041 - INFO: 技术部北 open success
2018-10-08 10:09:59,957 - INFO: 二楼北移门 open success
2018-10-08 10:26:56,613 - INFO: 二楼北移门 open success
2018-10-08 10:55:41,515 - INFO: 二楼北移门 open success
2018-10-08 11:19:39,231 - INFO: 二楼北移门 open success
2018-10-08 11:43:24,819 - INFO: 二楼北移门 open success
2018-10-08 13:38:47,193 - INFO: 技术部北 open success
2018-10-09 09:40:29,442 - INFO: 二楼北移门 open success
2018-10-09 16:46:36,374 - INFO: 二楼北移门 open success
2018-10-09 16:59:59,513 - INFO: 二楼北移门 open success
2018-10-11 11:59:03,838 - INFO: 二楼北移门 open success
2018-10-11 16:59:28,475 - INFO: 二楼北移门 open success
2018-10-11 17:00:02,816 - INFO: 二楼北移门 open success
2018-10-11 19:53:08,690 - INFO: 二楼北移门 open success
2018-10-12 09:49:59,540 - INFO: 二楼北移门 open success
2018-10-12 11:08:47,713 - INFO: 二楼北移门 open success
2018-10-15 10:19:57,185 - INFO: 二楼北移门 open success
2018-10-15 15:59:22,885 - INFO: 二楼北移门 open success
2018-10-15 16:02:42,512 - INFO: 二楼北移门 open success
2018-10-15 16:17:33,404 - INFO: 二楼北移门 open success
2018-10-16 16:59:38,654 - INFO: 二楼北移门 open success
2018-10-17 10:39:25,734 - INFO: 二楼北移门 open success
2018-10-17 11:00:38,450 - INFO: 二楼北移门 open success
2018-10-17 13:35:51,794 - INFO: 二楼北移门 open success
2018-10-17 15:13:14,038 - INFO: 二楼北移门 open success
2018-10-18 17:04:03,497 - INFO: 二楼北移门 open success
2018-10-19 15:07:08,189 - INFO: 二楼北移门 open success
2018-10-22 09:43:24,895 - INFO: 二楼北移门 open success
2018-10-23 16:27:36,826 - INFO: 二楼北移门 open success
2018-10-24 13:52:29,648 - INFO: 二楼北移门 open success
2018-10-24 17:04:28,260 - INFO: 二楼北移门 open success
2018-10-25 15:19:31,033 - INFO: 二楼北移门 open success
2018-10-25 15:19:31,121 - INFO: 二楼北移门 open success
2018-10-25 16:29:36,001 - INFO: 二楼北移门 open success
2018-10-25 16:29:36,297 - INFO: 二楼北移门 open success
2018-10-25 16:29:36,449 - INFO: 二楼北移门 open success
2018-10-25 16:31:17,471 - INFO: 二楼北移门 open success
2018-10-26 09:56:32,928 - INFO: 二楼北移门 open success
2018-10-29 14:23:43,969 - INFO: 二楼北移门 open success
2018-10-29 15:08:22,080 - INFO: 二楼北移门 open success
2018-10-29 15:18:41,828 - INFO: 二楼北移门 open success
2018-10-29 15:32:07,171 - INFO: 二楼北移门 open success
2018-10-29 16:30:39,123 - INFO: 二楼北移门 open success
2018-10-30 10:15:26,437 - INFO: 二楼北移门 open success
2018-10-30 14:42:22,475 - INFO: 二楼北移门 open success
2018-10-30 14:42:31,812 - INFO: 二楼北移门 open success
2018-10-30 14:42:33,208 - INFO: 二楼北移门 open success
2018-10-30 14:42:33,868 - INFO: 二楼北移门 open success
2018-10-30 14:42:36,135 - INFO: 二楼北移门 open success
2018-10-30 14:42:39,072 - INFO: 二楼北移门 open success
2018-10-30 15:45:39,402 - INFO: 二楼北移门 open success
2018-10-31 13:18:24,798 - INFO: 二楼北移门 open success
2018-10-31 13:20:25,553 - INFO: 二楼北移门 open success
2018-10-31 16:10:05,350 - INFO: 二楼北移门 open success
2018-10-31 16:24:54,696 - INFO: 二楼北移门 open success
2018-11-02 10:25:09,616 - INFO: 二楼北移门 open success
2018-11-02 10:25:36,886 - INFO: 二楼北移门 open success
2018-11-02 11:11:12,190 - INFO: 二楼北移门 open success
2018-11-02 11:18:15,024 - INFO: 二楼北移门 open success
2018-11-02 11:18:58,621 - INFO: 二楼北移门 open success
2018-11-02 11:21:00,511 - INFO: 二楼北移门 open success
2018-11-02 13:33:48,125 - INFO: 二楼北移门 open success
2018-11-02 14:22:36,801 - INFO: 二楼北移门 open success
2018-11-02 14:24:09,203 - INFO: 二楼北移门 open success
2018-11-02 14:27:26,145 - INFO: 二楼北移门 open success
2018-11-02 14:28:14,675 - INFO: 二楼北移门 open success
2018-11-02 15:57:48,280 - INFO: 二楼北移门 open success
2018-11-02 16:10:01,342 - INFO: 二楼北移门 open success
2018-11-05 14:43:21,857 - INFO: 二楼北移门 open success
2018-11-06 11:17:36,597 - INFO: 二楼北移门 open success
2018-11-06 16:59:41,695 - INFO: 二楼北移门 open success
2018-11-07 10:58:29,876 - INFO: 二楼北移门 open success
2018-11-08 10:51:39,986 - INFO: 二楼北移门 open success
2018-11-08 11:14:58,138 - INFO: 二楼北移门 open success
2018-11-08 16:32:06,461 - INFO: 二楼北移门 open success
2018-11-08 16:32:06,462 - INFO: 二楼北移门 open success
2018-11-08 16:32:06,463 - INFO: 二楼北移门 open success
2018-11-08 16:32:06,464 - INFO: 二楼北移门 open success
2018-11-08 16:32:06,467 - INFO: 二楼北移门 open success
2018-11-08 16:32:06,469 - INFO: 二楼北移门 open success
2018-11-12 11:11:12,326 - INFO: 二楼北移门 open success
2018-11-12 15:43:02,368 - INFO: 二楼北移门 open success
2018-11-12 15:49:34,785 - INFO: 二楼北移门 open success
2018-11-12 16:25:23,629 - INFO: 二楼北移门 open success
2018-11-12 16:55:59,515 - INFO: 二楼北移门 open success
2018-11-12 16:56:11,269 - INFO: 二楼北移门 open success
2018-11-14 15:49:35,369 - INFO: 二楼北移门 open success
2018-11-14 16:16:55,370 - INFO: 二楼北移门 open success
2018-11-14 17:16:20,305 - INFO: 二楼北移门 open success
2018-11-14 17:16:20,389 - INFO: 二楼北移门 open success
2018-11-14 17:16:20,467 - INFO: 二楼北移门 open success
2018-11-14 17:16:20,549 - INFO: 二楼北移门 open success
2018-11-14 17:16:20,631 - INFO: 二楼北移门 open success
2018-11-14 17:16:20,718 - INFO: 二楼北移门 open success
2018-11-14 17:16:20,805 - INFO: 二楼北移门 open success
2018-11-14 17:16:20,905 - INFO: 二楼北移门 open success
2018-11-14 17:16:21,023 - INFO: 二楼北移门 open success
2018-11-14 17:16:21,137 - INFO: 二楼北移门 open success
2018-11-14 17:16:21,182 - INFO: 二楼北移门 open success
2018-11-14 17:16:21,220 - INFO: 二楼北移门 open success
2018-11-14 17:16:21,268 - INFO: 二楼北移门 open success
2018-11-15 10:09:17,430 - INFO: 二楼北移门 open success
2018-11-15 10:11:44,383 - INFO: 二楼北移门 open success
2018-11-15 11:35:05,479 - INFO: 二楼北移门 open success
2018-11-15 13:49:54,469 - INFO: 二楼北移门 open success
2018-11-15 13:50:40,059 - INFO: 二楼北移门 open success
2018-11-15 15:11:31,397 - INFO: 二楼北移门 open success
2018-11-15 15:28:32,425 - INFO: 二楼北移门 open success
2018-11-16 12:51:40,136 - INFO: 二楼北移门 open success
2018-11-19 11:23:28,982 - INFO: 二楼北移门 open success
2018-11-19 14:57:28,855 - INFO: 二楼北移门 open success
2018-11-19 15:08:53,184 - INFO: 二楼北移门 open success
2018-11-19 17:06:49,378 - INFO: 一楼北移门 open success
2018-11-20 13:51:20,945 - INFO: 一楼北移门 open success
2018-11-20 15:20:44,224 - INFO: 一楼北移门 open success
2018-11-20 15:22:18,786 - INFO: 二楼北移门 open success
2018-11-20 17:16:07,835 - INFO: 二楼北移门 open success
2018-11-21 13:02:51,866 - INFO: 二楼北移门 open success
2018-11-21 14:26:02,727 - INFO: 一楼北移门 open success
2018-11-21 17:19:31,994 - INFO: 二楼北移门 open success
2018-11-23 13:25:58,142 - INFO: 二楼北移门 open success
2018-11-23 15:56:21,780 - INFO: 二楼北移门 open success
2018-11-23 16:10:33,914 - INFO: 一楼北移门 open success
2018-11-26 17:15:33,546 - INFO: 二楼北移门 open success
2018-11-30 13:31:01,047 - INFO: 二楼北移门 open success
2018-11-30 15:03:33,911 - INFO: 一楼北移门 open success
2018-11-30 16:01:40,203 - INFO: 二楼北移门 open success
2018-11-30 16:02:18,245 - INFO: 二楼北移门 open success
2018-11-30 17:01:24,311 - INFO: 二楼北移门 open success
2018-12-03 16:06:05,271 - INFO: 二楼北移门 open success
2018-12-04 13:07:19,096 - INFO: 一楼北移门 open success
2018-12-04 13:56:43,735 - INFO: 二楼北移门 open success
2018-12-04 15:44:05,856 - INFO: 二楼北移门 open success
2018-12-04 15:44:06,021 - INFO: 二楼北移门 open success
2018-12-04 15:47:32,905 - INFO: 二楼北移门 open success
2018-12-04 16:26:32,443 - INFO: 二楼北移门 open success
2018-12-04 16:46:16,706 - INFO: 二楼北移门 open success
2018-12-05 14:18:21,788 - INFO: 二楼北移门 open success
2018-12-05 15:30:25,426 - INFO: 二楼北移门 open success
2018-12-05 15:33:47,280 - INFO: 二楼北移门 open success
2018-12-05 15:48:41,428 - INFO: 二楼北移门 open success
2018-12-06 12:09:12,308 - INFO: 二楼北移门 open success
2018-12-06 18:09:36,472 - INFO: 二楼北移门 open success
2018-12-07 11:48:53,804 - INFO: 二楼北移门 open success
2018-12-07 13:12:06,651 - INFO: 二楼北移门 open success
2018-12-07 16:03:54,784 - INFO: 二楼北移门 open success
2018-12-10 13:32:47,948 - INFO: 二楼北移门 open success
2018-12-10 13:50:21,506 - INFO: 二楼北移门 open success
2018-12-10 13:52:57,501 - INFO: 一楼北移门 open success
2018-12-11 11:39:26,001 - INFO: 二楼北移门 open success
2018-12-11 16:13:45,932 - INFO: 二楼北移门 open success
2018-12-11 16:19:33,833 - INFO: 二楼北移门 open success
2018-12-11 16:56:26,603 - INFO: 二楼北移门 open success
2018-12-12 11:03:52,251 - INFO: 一楼北移门 open success
2018-12-12 13:13:57,116 - INFO: 二楼北移门 open success
2018-12-12 13:14:34,416 - INFO: 技术部北 open success
2018-12-12 15:16:40,534 - INFO: 一楼北移门 open success
2018-12-12 15:17:19,639 - INFO: 技术部北 open success
2018-12-12 17:01:34,891 - INFO: 技术部北 open success
2018-12-13 11:03:55,636 - INFO: 二楼北移门 open success
2018-12-13 11:09:35,498 - INFO: 二楼北移门 open success
2018-12-13 12:34:08,332 - INFO: 一楼北移门 open success
2018-12-13 12:34:52,937 - INFO: 二楼北移门 open success
2018-12-13 12:35:30,235 - INFO: 技术部北 open success
2018-12-13 13:00:10,658 - INFO: 技术部北 open success
2018-12-13 15:08:04,822 - INFO: 技术部北 open success
2018-12-13 16:00:59,138 - INFO: 二楼北移门 open success
2018-12-13 16:04:05,449 - INFO: 技术部北 open success
2018-12-13 16:04:49,135 - INFO: 技术部北 open success
2018-12-13 17:06:48,673 - INFO: 二楼北移门 open success
2018-12-13 17:52:33,272 - INFO: 一楼北移门 open success
2018-12-13 19:14:04,558 - INFO: 技术部北 open success
2018-12-13 19:27:29,374 - INFO: 技术部北 open success
2018-12-13 19:50:43,447 - INFO: 技术部北 open success
2018-12-13 20:00:45,944 - INFO: 技术部北 open success
2018-12-13 20:31:24,222 - INFO: 二楼北移门 open success
2018-12-14 09:54:50,636 - INFO: 技术部北 open success
2018-12-14 09:54:52,149 - INFO: 一楼北移门 open success
2018-12-14 09:55:25,893 - INFO: 二楼北移门 open success
2018-12-14 09:55:48,173 - INFO: 技术部北 open success
2018-12-14 10:51:42,432 - INFO: 技术部北 open success
2018-12-14 10:52:01,915 - INFO: 二楼北移门 open success
2018-12-14 10:52:20,587 - INFO: 三楼北移门 open success
2018-12-14 11:48:26,902 - INFO: 三楼北移门 open success
2018-12-14 11:48:46,235 - INFO: 二楼北移门 open success
2018-12-14 11:49:10,033 - INFO: 技术部北 open success
2018-12-14 12:49:50,669 - INFO: 一楼北移门 open success
2018-12-14 12:50:27,102 - INFO: 三楼北移门 open success
2018-12-14 12:50:50,931 - INFO: 三楼北移门 open success
2018-12-14 12:51:08,844 - INFO: 二楼北移门 open success
2018-12-14 12:51:32,060 - INFO: 技术部北 open success
2018-12-14 12:56:32,134 - INFO: 技术部北 open success
2018-12-14 12:56:42,040 - INFO: 二楼北移门 open success
2018-12-14 13:06:00,327 - INFO: 二楼北移门 open success
2018-12-14 13:07:25,013 - INFO: 技术部北 open success
2018-12-14 14:36:52,239 - INFO: 二楼北移门 open success
2018-12-14 14:55:16,172 - INFO: 一楼北移门 open success
2018-12-14 17:19:10,067 - INFO: 二楼北移门 open success
2018-12-14 17:19:30,057 - INFO: 一楼北移门 open success
2018-12-15 13:12:43,398 - INFO: 一楼北移门 open success
2018-12-15 13:12:55,663 - INFO: 一楼北移门 open success
2018-12-15 13:13:19,338 - INFO: 二楼北移门 open success
2018-12-15 13:13:55,610 - INFO: 技术部北 open success
2018-12-15 13:18:01,274 - INFO: 二楼北移门 open success
2018-12-15 13:18:30,209 - INFO: 三楼北移门 open success
2018-12-15 18:09:29,405 - INFO: 三楼北移门 open success
2018-12-15 18:09:38,619 - INFO: 三楼北移门 open success
2018-12-17 09:19:51,441 - INFO: 技术部北 open success
2018-12-17 09:19:55,624 - INFO: 技术部北 open success
2018-12-17 09:20:22,946 - INFO: 二楼北移门 open success
2018-12-17 09:20:52,007 - INFO: 技术部北 open success
2018-12-17 11:39:52,889 - INFO: 二楼北移门 open success
2018-12-17 12:59:54,042 - INFO: 二楼北移门 open success
2018-12-17 13:37:40,306 - INFO: 二楼北移门 open success
2018-12-17 15:15:40,528 - INFO: 二楼北移门 open success
2018-12-17 15:36:56,793 - INFO: 技术部北 open success
2018-12-17 18:19:01,531 - INFO: 技术部北 open success
2018-12-17 18:19:03,663 - INFO: 二楼北移门 open success
2018-12-17 18:19:23,066 - INFO: 三楼北移门 open success
2018-12-17 18:20:18,315 - INFO: 三楼北移门 open success
2018-12-17 18:21:48,416 - INFO: 一楼北移门 open success
2018-12-17 18:22:06,224 - INFO: 二楼北移门 open success
2018-12-17 18:45:06,528 - INFO: 技术部北 open success
2018-12-17 18:45:08,532 - INFO: 二楼北移门 open success
2018-12-18 09:17:41,860 - INFO: 二楼北移门 open success
2018-12-18 09:21:56,560 - INFO: 二楼北移门 open success
2018-12-18 09:23:04,606 - INFO: 二楼北移门 open success
2018-12-18 15:10:47,394 - INFO: 二楼北移门 open success
2018-12-18 15:28:09,902 - INFO: 一楼北移门 open success
2018-12-19 16:49:52,829 - INFO: 二楼北移门 open success
2018-12-19 16:49:52,970 - INFO: 二楼北移门 open success
2018-12-20 08:50:16,502 - INFO: 一楼北移门 open success
2018-12-20 08:50:54,160 - INFO: 二楼北移门 open success
2018-12-20 08:51:17,964 - INFO: 技术部北 open success
2018-12-20 16:57:07,917 - INFO: 二楼北移门 open success
2018-12-21 09:42:51,612 - INFO: 二楼北移门 open success
2018-12-21 09:43:30,033 - INFO: 三楼北移门 open success
2018-12-21 09:45:03,756 - INFO: 三楼北移门 open success
2018-12-21 14:29:12,225 - INFO: 二楼北移门 open success
2018-12-21 17:03:48,129 - INFO: 二楼北移门 open success
2018-12-24 09:12:44,314 - INFO: 一楼北移门 open success
2018-12-24 09:15:43,888 - INFO: 二楼北移门 open success
2018-12-25 09:19:20,467 - INFO: 一楼北移门 open success
2018-12-25 10:45:31,800 - INFO: 二楼北移门 open success
2018-12-25 10:52:56,662 - INFO: 二楼北移门 open success
2018-12-25 10:58:21,780 - INFO: 二楼北移门 open success
2018-12-25 12:07:37,103 - INFO: 二楼北移门 open success
2018-12-25 13:42:48,644 - INFO: 一楼北移门 open success
2018-12-25 13:42:54,662 - INFO: 一楼北移门 open success
2018-12-25 13:49:59,971 - INFO: 一楼北移门 open success
2018-12-25 13:50:22,549 - INFO: 二楼北移门 open success
2018-12-26 11:05:42,504 - INFO: 一楼北移门 open success
2018-12-26 13:01:48,115 - INFO: 二楼北移门 open success
2018-12-27 08:38:10,239 - INFO: 二楼北移门 open success
2018-12-27 14:04:25,762 - INFO: 二楼北移门 open success
2018-12-27 14:04:25,913 - INFO: 二楼北移门 open success
2018-12-28 09:48:20,643 - INFO: 一楼北移门 open success
2018-12-28 09:48:24,235 - INFO: 一楼北移门 open success
2018-12-28 14:45:35,577 - INFO: 一楼北移门 open success
2018-12-28 18:13:52,128 - INFO: 二楼北移门 open success
2018-12-29 13:19:46,862 - INFO: 二楼北移门 open success
2018-12-30 14:22:40,748 - INFO: 技术部北 open success
2019-01-02 11:05:08,024 - INFO: 二楼北移门 open success
2019-01-02 11:12:10,432 - INFO: 二楼北移门 open success
2019-01-02 12:08:50,801 - INFO: 二楼北移门 open success
2019-01-02 16:46:51,300 - INFO: 二楼北移门 open success
2019-01-02 16:47:22,737 - INFO: 二楼北移门 open success
2019-01-02 17:00:54,054 - INFO: 二楼北移门 open success
2019-01-02 17:07:29,337 - INFO: 二楼北移门 open success
2019-01-04 11:43:22,414 - INFO: 二楼北移门 open success
2019-01-04 13:59:30,247 - INFO: 二楼北移门 open success
2019-01-04 14:03:17,367 - INFO: 二楼北移门 open success
2019-01-04 14:09:30,794 - INFO: 一楼北移门 open success
2019-01-04 19:51:03,093 - INFO: 一楼北移门 open success
2019-01-04 19:51:28,224 - INFO: 二楼北移门 open success
2019-01-04 19:51:56,772 - INFO: 技术部北 open success
2019-01-05 14:53:07,556 - INFO: 二楼北移门 open success
2019-01-05 14:58:52,877 - INFO: 一楼北移门 open success
2019-01-05 14:59:11,603 - INFO: 二楼北移门 open success
2019-01-05 15:05:24,246 - INFO: 二楼北移门 open success
2019-01-05 15:05:34,790 - INFO: 二楼北移门 open success
2019-01-07 10:38:39,501 - INFO: 技术部北 open success
2019-01-07 10:39:01,160 - INFO: 一楼北移门 open success
2019-01-07 10:39:27,476 - INFO: 二楼北移门 open success
2019-01-07 10:39:57,098 - INFO: 技术部北 open success
2019-01-07 15:10:41,552 - INFO: 二楼北移门 open success
2019-01-07 16:16:56,194 - INFO: 二楼北移门 open success
2019-01-07 17:06:16,855 - INFO: 二楼北移门 open success
2019-01-08 08:51:57,156 - INFO: 一楼北移门 open success
2019-01-08 08:52:17,791 - INFO: 一楼北移门 open success
2019-01-08 08:52:44,595 - INFO: 二楼北移门 open success
2019-01-08 10:47:06,215 - INFO: 二楼北移门 open success
2019-01-08 10:47:49,325 - INFO: 技术部北 open success
2019-01-08 16:50:40,989 - INFO: 一楼北移门 open success
2019-01-08 16:59:09,137 - INFO: 二楼北移门 open success
2019-01-08 17:03:52,064 - INFO: 二楼北移门 open success
2019-01-08 17:04:39,426 - INFO: 二楼北移门 open success
2019-01-08 17:05:19,261 - INFO: 二楼北移门 open success
2019-01-09 09:05:33,294 - INFO: 二楼北移门 open success
2019-01-09 09:05:55,869 - INFO: 技术部北 open success
2019-01-09 09:06:00,690 - INFO: 技术部北 open success
2019-01-09 09:09:32,688 - INFO: 技术部北 open success
2019-01-09 10:48:04,613 - INFO: 二楼北移门 open success
2019-01-09 14:51:54,552 - INFO: 二楼北移门 open success
2019-01-09 15:46:06,945 - INFO: 二楼北移门 open success
2019-01-09 21:59:47,623 - INFO: 二楼北移门 open success
2019-01-10 09:22:35,895 - INFO: 二楼北移门 open success
2019-01-10 09:22:59,506 - INFO: 技术部北 open success
2019-01-10 09:24:04,361 - INFO: 技术部北 open success
2019-01-10 09:26:18,032 - INFO: 技术部北 open success
2019-01-10 09:26:21,573 - INFO: 技术部北 open success
2019-01-10 17:08:48,902 - INFO: 二楼北移门 open success
2019-01-11 10:29:12,846 - INFO: 二楼北移门 open success
2019-01-11 11:21:16,982 - INFO: 三楼北移门 open success
2019-01-11 11:27:54,398 - INFO: 三楼北移门 open success
2019-01-11 11:28:24,800 - INFO: 三楼北移门 open success
2019-01-11 11:28:43,238 - INFO: 三楼北移门 open success
2019-01-11 11:28:44,093 - INFO: 二楼北移门 open success
2019-01-11 11:54:36,239 - INFO: 技术部北 open success
2019-01-11 12:30:55,045 - INFO: 技术部北 open success
2019-01-11 13:03:41,465 - INFO: 二楼北移门 open success
2019-01-11 15:51:41,664 - INFO: 二楼北移门 open success
2019-01-11 15:56:12,616 - INFO: 二楼北移门 open success
2019-01-11 15:59:05,276 - INFO: 二楼北移门 open success
2019-01-13 13:38:21,156 - INFO: 一楼北移门 open success
2019-01-13 13:39:20,582 - INFO: 二楼北移门 open success
2019-01-13 13:39:52,668 - INFO: 技术部北 open success
2019-01-13 13:43:07,341 - INFO: 二楼北移门 open success
2019-01-13 13:43:35,014 - INFO: 三楼北移门 open success
2019-01-13 22:39:24,531 - INFO: 三楼北移门 open success
2019-01-13 22:39:39,705 - INFO: 二楼北移门 open success
2019-01-13 22:40:03,379 - INFO: 技术部北 open success
2019-01-13 22:40:05,129 - INFO: 一楼北移门 open success
2019-01-13 22:40:06,774 - INFO: 技术部北 open success
2019-01-13 22:41:25,122 - INFO: 二楼北移门 open success
2019-01-13 22:42:10,427 - INFO: 一楼北移门 open success
2019-01-14 09:59:27,641 - INFO: 二楼北移门 open success
2019-01-14 09:59:34,994 - INFO: 二楼北移门 open success
2019-01-14 10:00:04,194 - INFO: 三楼北移门 open success
2019-01-14 10:02:22,002 - INFO: 三楼北移门 open success
2019-01-14 10:02:43,080 - INFO: 二楼北移门 open success
2019-01-14 10:03:08,018 - INFO: 技术部北 open success
2019-01-14 12:42:25,093 - INFO: 技术部北 open success
2019-01-14 13:14:59,603 - INFO: 二楼北移门 open success
2019-01-14 14:11:28,095 - INFO: 二楼北移门 open success
2019-01-14 16:19:15,097 - INFO: 二楼北移门 open success
2019-01-14 16:29:22,185 - INFO: 一楼北移门 open success
2019-01-14 17:14:15,592 - INFO: 二楼北移门 open success
2019-01-14 17:22:27,055 - INFO: 三楼北移门 open success
2019-01-14 17:23:56,659 - INFO: 三楼北移门 open success
2019-01-14 18:09:25,177 - INFO: 二楼北移门 open success
2019-01-14 18:10:49,791 - INFO: 二楼北移门 open success
2019-01-15 08:41:48,343 - INFO: 一楼北移门 open success
2019-01-15 08:42:16,721 - INFO: 二楼北移门 open success
2019-01-15 08:42:22,195 - INFO: 二楼北移门 open success
2019-01-15 11:35:56,829 - INFO: 二楼北移门 open success
2019-01-15 11:35:57,070 - INFO: 二楼北移门 open success
2019-01-15 13:07:38,522 - INFO: 二楼北移门 open success
2019-01-15 14:52:40,131 - INFO: 技术部北 open success
2019-01-15 15:40:57,579 - INFO: 一楼北移门 open success
2019-01-15 15:41:22,188 - INFO: 二楼北移门 open success
2019-01-16 11:27:23,720 - INFO: 二楼北移门 open success
2019-01-17 09:43:36,856 - INFO: 一楼北移门 open success
2019-01-17 13:13:51,388 - INFO: 二楼北移门 open success
2019-01-17 16:41:19,434 - INFO: 二楼北移门 open success
2019-01-17 20:18:15,401 - INFO: 二楼北移门 open success
2019-01-18 10:59:37,136 - INFO: 二楼北移门 open success
2019-01-18 13:55:18,345 - INFO: 二楼北移门 open success
2019-01-18 16:35:33,657 - INFO: 一楼北移门 open success
2019-01-21 09:20:09,191 - INFO: 二楼北移门 open success
2019-01-21 09:20:40,987 - INFO: 技术部北 open success
2019-01-21 10:22:20,443 - INFO: 二楼北移门 open success
2019-01-21 10:58:27,412 - INFO: 一楼北移门 open success
2019-01-21 11:36:24,023 - INFO: 一楼北移门 open success
2019-01-21 11:36:25,974 - INFO: 一楼北移门 open success
2019-01-21 11:46:27,216 - INFO: 一楼北移门 open success
2019-01-21 13:38:15,324 - INFO: 二楼北移门 open success
2019-01-22 11:17:29,872 - INFO: 二楼北移门 open success
2019-01-22 12:17:52,618 - INFO: 二楼北移门 open success
2019-01-22 12:50:03,579 - INFO: 一楼北移门 open success
2019-01-22 12:51:41,382 - INFO: 二楼北移门 open success
2019-01-22 12:52:15,307 - INFO: 技术部北 open success
2019-01-22 13:19:44,907 - INFO: 技术部北 open success
2019-01-22 13:39:49,583 - INFO: 二楼北移门 open success
2019-01-22 13:39:55,004 - INFO: 一楼北移门 open success
2019-01-22 16:03:35,373 - INFO: 二楼北移门 open success
2019-01-22 16:05:46,002 - INFO: 技术部北 open success
2019-01-22 16:16:51,217 - INFO: 二楼北移门 open success
2019-01-23 12:59:22,087 - INFO: 二楼北移门 open success
2019-01-23 12:59:22,282 - INFO: 二楼北移门 open success
2019-01-23 12:59:22,641 - INFO: 二楼北移门 open success
2019-01-23 13:11:27,922 - INFO: 二楼北移门 open success
2019-01-23 15:01:33,364 - INFO: 一楼北移门 open success
2019-01-23 15:04:00,673 - INFO: 二楼北移门 open success
2019-01-23 16:06:49,239 - INFO: 二楼北移门 open success
2019-01-23 16:07:15,319 - INFO: 技术部北 open success
2019-01-23 16:07:17,552 - INFO: 技术部北 open success
2019-01-24 08:57:25,840 - INFO: 一楼北移门 open success
2019-01-24 08:57:50,870 - INFO: 二楼北移门 open success
2019-01-24 08:58:19,780 - INFO: 技术部北 open success
2019-01-24 11:34:22,027 - INFO: 二楼北移门 open success
2019-01-25 10:49:10,753 - INFO: 二楼北移门 open success
2019-01-25 11:59:20,378 - INFO: 二楼北移门 open success
2019-01-25 11:59:35,394 - INFO: 二楼北移门 open success
2019-01-25 11:59:36,590 - INFO: 三楼北移门 open success
2019-01-25 12:02:38,253 - INFO: 三楼北移门 open success
2019-01-25 12:25:26,244 - INFO: 一楼北移门 open success
2019-01-25 12:26:09,908 - INFO: 二楼北移门 open success
2019-01-25 17:46:59,428 - INFO: 二楼北移门 open success
2019-01-28 09:21:48,021 - INFO: 二楼北移门 open success
2019-01-28 10:29:54,260 - INFO: 二楼北移门 open success
2019-01-28 16:02:45,698 - INFO: 二楼北移门 open success
2019-01-28 16:02:45,848 - INFO: 二楼北移门 open success
2019-01-28 16:44:28,452 - INFO: 二楼北移门 open success
2019-01-29 09:35:24,958 - INFO: 二楼北移门 open success
2019-01-29 09:39:56,222 - INFO: 二楼北移门 open success
2019-01-29 13:30:48,170 - INFO: 二楼北移门 open success
2019-01-29 15:29:09,240 - INFO: 一楼北移门 open success
2019-01-30 08:31:17,820 - INFO: 技术部北 open success
2019-01-30 12:36:33,968 - INFO: 一楼北移门 open success
2019-01-30 12:37:05,338 - INFO: 二楼北移门 open success
2019-01-30 12:46:13,380 - INFO: 二楼北移门 open success
2019-01-30 12:49:16,690 - INFO: 一楼北移门 open success
2019-01-30 12:49:38,997 - INFO: 二楼北移门 open success
2019-01-30 13:19:49,084 - INFO: 技术部北 open success
2019-01-30 15:27:46,897 - INFO: 二楼北移门 open success
2019-01-30 15:28:01,427 - INFO: 三楼北移门 open success
2019-01-30 15:30:40,104 - INFO: 三楼北移门 open success
2019-01-30 15:30:52,804 - INFO: 二楼北移门 open success
2019-01-30 16:34:47,247 - INFO: 二楼北移门 open success
2019-01-30 16:36:54,873 - INFO: 二楼北移门 open success
2019-01-30 16:38:48,224 - INFO: 二楼北移门 open success
2019-01-30 16:38:50,969 - INFO: 三楼北移门 open success
2019-01-30 16:38:54,366 - INFO: 三楼北移门 open success
2019-01-30 16:38:57,103 - INFO: 技术部北 open success
2019-01-30 17:09:27,787 - INFO: 技术部北 open success
2019-02-02 16:31:27,984 - INFO: 二楼北移门 open success
2019-02-12 08:31:35,098 - INFO: 二楼北移门 open success
2019-02-12 11:49:21,294 - INFO: 二楼北移门 open success
2019-02-12 14:55:25,245 - INFO: 二楼北移门 open success
2019-02-12 16:15:40,674 - INFO: 二楼北移门 open success
2019-02-13 11:22:00,067 - INFO: 二楼北移门 open success
2019-02-13 11:29:58,367 - INFO: 二楼北移门 open success
2019-02-13 11:30:00,515 - INFO: 技术部北 open success
2019-02-13 11:45:26,419 - INFO: 二楼北移门 open success
2019-02-13 13:06:29,691 - INFO: 二楼北移门 open success
2019-02-13 13:07:43,779 - INFO: 二楼北移门 open success
2019-02-13 13:09:16,749 - INFO: 二楼北移门 open success
2019-02-13 13:09:18,668 - INFO: 技术部北 open success
2019-02-13 13:37:55,504 - INFO: 二楼北移门 open success
2019-02-13 14:13:54,209 - INFO: 二楼北移门 open success
2019-02-13 15:06:31,117 - INFO: 二楼北移门 open success
2019-02-13 17:43:07,383 - INFO: 二楼北移门 open success
2019-02-14 13:26:23,214 - INFO: 技术部北 open success
2019-02-14 13:39:47,000 - INFO: 二楼北移门 open success
